-- Arquivo de mudanças e customizações do Item.xml e Items.otb

sid:

10546 - durin helmet
10547 - durin armor
10548 - durin legs
10549 - durin shield
10551 - tashi aharon helmet
10552 - tashi aharon armor
10553 - tashi aharon legs
10554 - tashi aharon boots
10555 - warden helmet
10556 - warden armor
10557 - warden legs
10558 - warden boots
10559 - deathface helmet
10560 - deathface armor
10561 - deathface legs
10562 - deathface boots
10563 - dark essence
10564 - unholy sword
