-- Arquivo de mudanças e customizações do Item.xml e Items.otb

sid:

11736 - durin helmet (dwarven helmet)
11737 - durin armor (dwarven armor)
11738 - durin legs (dwarven legs)
11739 - durin shield (dwarven shield)
11740 - tashi aharon helmet (bandana)
11741 - tashi aharon armor (molten plate)
11742 - tashi aharon legs (magma legs)
11743 - tashi aharon boots (magma boots)
11744 - warden helmet (hat of the mad)
11745 - warden armor (focus cape)
11746 - warden legs (lightning legs)
11747 - warden boots (boots of waterwalking)
11748 - deathface helmet (magician hat)
11749 - deathface armor (heavy metal T-shirt)
11750 - deathface legs (knight legs)
11751 - deathface boots (pirate boots)
11752 - dark dust (vampire dust)
11753 - unholy sword (fire sword)
